% mean class accuracy (train set)	
 9.4448e+01	
 9.9130e+01	
 9.9447e+01	
 9.9658e+01	
 9.9773e+01	
 9.9863e+01	
 9.9920e+01	
 9.9947e+01	
 9.9960e+01	
 9.9980e+01	
 9.9983e+01	
 9.9982e+01	
 9.9993e+01	
 9.9992e+01	
 9.9992e+01	
 9.9993e+01	
 9.9997e+01	
 9.9997e+01	
 9.9998e+01	
 1.0000e+02	
 9.9997e+01	
 1.0000e+02	
 1.0000e+02	
 1.0000e+02	
 1.0000e+02	
 1.0000e+02	
 1.0000e+02	
 1.0000e+02	
 1.0000e+02	
 1.0000e+02	
 1.0000e+02	
 1.0000e+02	
 1.0000e+02	
 1.0000e+02	
 1.0000e+02	
 1.0000e+02	
 1.0000e+02	
 1.0000e+02	
 1.0000e+02	
 1.0000e+02	
 1.0000e+02	
 1.0000e+02	
 1.0000e+02	
 1.0000e+02	
