% mean class accuracy (train set)	
 9.6710e+01	
 9.9040e+01	
 9.9342e+01	
 9.9530e+01	
 9.9627e+01	
 9.9768e+01	
 9.9813e+01	
 9.9862e+01	
 9.9898e+01	
 9.9925e+01	
 9.9950e+01	
 9.9958e+01	
 9.9965e+01	
 9.9973e+01	
 9.9982e+01	
 9.9982e+01	
 9.9985e+01	
 9.9992e+01	
 9.9988e+01	
 9.9988e+01	
 9.9992e+01	
 9.9992e+01	
 9.9997e+01	
 9.9997e+01	
 9.9997e+01	
 9.9998e+01	
 9.9998e+01	
 1.0000e+02	
 9.9998e+01	
 1.0000e+02	
 1.0000e+02	
 1.0000e+02	
 1.0000e+02	
 1.0000e+02	
 1.0000e+02	
 1.0000e+02	
 1.0000e+02	
 1.0000e+02	
 1.0000e+02	
 1.0000e+02	
 1.0000e+02	
 1.0000e+02	
 1.0000e+02	
 1.0000e+02	
 1.0000e+02	
 1.0000e+02	
 1.0000e+02	
