This is pdfTeX, Version 3.14159265-2.6-1.40.16 (TeX Live 2015) (preloaded format=pdflatex 2015.5.24)  7 MAR 2016 15:09
entering extended mode
 restricted \write18 enabled.
 %&-line parsing enabled.
**report.tex
(./report.tex
LaTeX2e <2015/01/01>
Babel <3.9l> and hyphenation patterns for 79 languages loaded.
(./siamltexmm.cls
Document Class: siamltexmm 1996/10/11 v1.2 LaTeX document class
(./siam11.clo
File: siam11.clo 1994/10/01 v1.0 SIAM LaTeX file (size option)
) (/usr/local/texlive/2015/texmf-dist/tex/latex/graphics/color.sty
Package: color 2014/10/28 v1.1a Standard LaTeX Color (DPC)
(/usr/local/texlive/2015/texmf-dist/tex/latex/latexconfig/color.cfg
File: color.cfg 2007/01/18 v1.5 color configuration of teTeX/TeXLive
)
Package color Info: Driver file: dvips.def on input line 142.

(/usr/local/texlive/2015/texmf-dist/tex/latex/graphics/dvips.def
File: dvips.def 2014/10/14 v3.0j Driver-dependent file (DPC,SPQR)
)
(/usr/local/texlive/2015/texmf-dist/tex/latex/graphics/dvipsnam.def
File: dvipsnam.def 2014/10/14 v3.0j Driver-dependent file (DPC,SPQR)
))
\c@section=\count79
\c@subsection=\count80
\c@subsubsection=\count81
\c@paragraph=\count82
\c@subparagraph=\count83
\c@rmnum=\count84
\c@muni=\count85
\c@theorem=\count86
\c@figure=\count87
\c@table=\count88
\abovecaptionskip=\skip41
\belowcaptionskip=\skip42
\bibindent=\dimen102

(/usr/local/texlive/2015/texmf-dist/tex/latex/hyperref/hyperref.sty
Package: hyperref 2012/11/06 v6.83m Hypertext links for LaTeX

(/usr/local/texlive/2015/texmf-dist/tex/generic/oberdiek/hobsub-hyperref.sty
Package: hobsub-hyperref 2012/05/28 v1.13 Bundle oberdiek, subset hyperref (HO)


(/usr/local/texlive/2015/texmf-dist/tex/generic/oberdiek/hobsub-generic.sty
Package: hobsub-generic 2012/05/28 v1.13 Bundle oberdiek, subset generic (HO)
Package: hobsub 2012/05/28 v1.13 Construct package bundles (HO)
Package: infwarerr 2010/04/08 v1.3 Providing info/warning/error messages (HO)
Package: ltxcmds 2011/11/09 v1.22 LaTeX kernel commands for general use (HO)
Package: ifluatex 2010/03/01 v1.3 Provides the ifluatex switch (HO)
Package ifluatex Info: LuaTeX not detected.
Package: ifvtex 2010/03/01 v1.5 Detect VTeX and its facilities (HO)
Package ifvtex Info: VTeX not detected.
Package: intcalc 2007/09/27 v1.1 Expandable calculations with integers (HO)
Package: ifpdf 2011/01/30 v2.3 Provides the ifpdf switch (HO)
Package ifpdf Info: pdfTeX in PDF mode is detected.
Package: etexcmds 2011/02/16 v1.5 Avoid name clashes with e-TeX commands (HO)
Package etexcmds Info: Could not find \expanded.
(etexcmds)             That can mean that you are not using pdfTeX 1.50 or
(etexcmds)             that some package has redefined \expanded.
(etexcmds)             In the latter case, load this package earlier.
Package: kvsetkeys 2012/04/25 v1.16 Key value parser (HO)
Package: kvdefinekeys 2011/04/07 v1.3 Define keys (HO)
Package: pdftexcmds 2011/11/29 v0.20 Utility functions of pdfTeX for LuaTeX (HO
)
Package pdftexcmds Info: LuaTeX not detected.
Package pdftexcmds Info: \pdf@primitive is available.
Package pdftexcmds Info: \pdf@ifprimitive is available.
Package pdftexcmds Info: \pdfdraftmode found.
Package: pdfescape 2011/11/25 v1.13 Implements pdfTeX's escape features (HO)
Package: bigintcalc 2012/04/08 v1.3 Expandable calculations on big integers (HO
)
Package: bitset 2011/01/30 v1.1 Handle bit-vector datatype (HO)
Package: uniquecounter 2011/01/30 v1.2 Provide unlimited unique counter (HO)
)
Package hobsub Info: Skipping package `hobsub' (already loaded).
Package: letltxmacro 2010/09/02 v1.4 Let assignment for LaTeX macros (HO)
Package: hopatch 2012/05/28 v1.2 Wrapper for package hooks (HO)
Package: xcolor-patch 2011/01/30 xcolor patch
Package: atveryend 2011/06/30 v1.8 Hooks at the very end of document (HO)
Package atveryend Info: \enddocument detected (standard20110627).
Package: atbegshi 2011/10/05 v1.16 At begin shipout hook (HO)
Package: refcount 2011/10/16 v3.4 Data extraction from label references (HO)
Package: hycolor 2011/01/30 v1.7 Color options for hyperref/bookmark (HO)
)
(/usr/local/texlive/2015/texmf-dist/tex/latex/graphics/keyval.sty
Package: keyval 2014/10/28 v1.15 key=value parser (DPC)
\KV@toks@=\toks14
)
(/usr/local/texlive/2015/texmf-dist/tex/generic/ifxetex/ifxetex.sty
Package: ifxetex 2010/09/12 v0.6 Provides ifxetex conditional
)
(/usr/local/texlive/2015/texmf-dist/tex/latex/oberdiek/auxhook.sty
Package: auxhook 2011/03/04 v1.3 Hooks for auxiliary files (HO)
)
(/usr/local/texlive/2015/texmf-dist/tex/latex/oberdiek/kvoptions.sty
Package: kvoptions 2011/06/30 v3.11 Key value format for package options (HO)
)
\@linkdim=\dimen103
\Hy@linkcounter=\count89
\Hy@pagecounter=\count90

(/usr/local/texlive/2015/texmf-dist/tex/latex/hyperref/pd1enc.def
File: pd1enc.def 2012/11/06 v6.83m Hyperref: PDFDocEncoding definition (HO)
)
\Hy@SavedSpaceFactor=\count91

(/usr/local/texlive/2015/texmf-dist/tex/latex/latexconfig/hyperref.cfg
File: hyperref.cfg 2002/06/06 v1.2 hyperref configuration of TeXLive
)
Package hyperref Info: Option `final' set `true' on input line 4319.
Package hyperref Info: Option `colorlinks' set `true' on input line 4319.
Package hyperref Info: Hyper figures OFF on input line 4443.
Package hyperref Info: Link nesting OFF on input line 4448.
Package hyperref Info: Hyper index ON on input line 4451.
Package hyperref Info: Plain pages OFF on input line 4458.
Package hyperref Info: Backreferencing OFF on input line 4463.
Package hyperref Info: Implicit mode ON; LaTeX internals redefined.
Package hyperref Info: Bookmarks ON on input line 4688.
\c@Hy@tempcnt=\count92

(/usr/local/texlive/2015/texmf-dist/tex/latex/url/url.sty
\Urlmuskip=\muskip10
Package: url 2013/09/16  ver 3.4  Verb mode for urls, etc.
)
LaTeX Info: Redefining \url on input line 5041.
\XeTeXLinkMargin=\dimen104
\Fld@menulength=\count93
\Field@Width=\dimen105
\Fld@charsize=\dimen106
Package hyperref Info: Hyper figures OFF on input line 6295.
Package hyperref Info: Link nesting OFF on input line 6300.
Package hyperref Info: Hyper index ON on input line 6303.
Package hyperref Info: backreferencing OFF on input line 6310.
Package hyperref Info: Link coloring ON on input line 6313.
Package hyperref Info: Link coloring with OCG OFF on input line 6320.
Package hyperref Info: PDF/A mode OFF on input line 6325.
LaTeX Info: Redefining \ref on input line 6365.
LaTeX Info: Redefining \pageref on input line 6369.
\Hy@abspage=\count94
\c@Item=\count95
\c@Hfootnote=\count96
)

Package hyperref Message: Driver (autodetected): hpdftex.

(/usr/local/texlive/2015/texmf-dist/tex/latex/hyperref/hpdftex.def
File: hpdftex.def 2012/11/06 v6.83m Hyperref driver for pdfTeX
\Fld@listcount=\count97
\c@bookmark@seq@number=\count98

(/usr/local/texlive/2015/texmf-dist/tex/latex/oberdiek/rerunfilecheck.sty
Package: rerunfilecheck 2011/04/15 v1.7 Rerun checks for auxiliary files (HO)
Package uniquecounter Info: New unique counter `rerunfilecheck' on input line 2
82.
)
\Hy@SectionHShift=\skip43
))

! LaTeX Error: Two \documentclass or \documentstyle commands.

See the LaTeX manual or LaTeX Companion for explanation.
Type  H <return>  for immediate help.
 ...                                              
                                                  
l.2 \documentclass[10pt,a4paper]{
                                 article}
The document may only declare one class.

(/usr/local/texlive/2015/texmf-dist/tex/latex/graphics/graphicx.sty
Package: graphicx 2014/10/28 v1.0g Enhanced LaTeX Graphics (DPC,SPQR)

(/usr/local/texlive/2015/texmf-dist/tex/latex/graphics/graphics.sty
Package: graphics 2014/10/28 v1.0p Standard LaTeX Graphics (DPC,SPQR)

(/usr/local/texlive/2015/texmf-dist/tex/latex/graphics/trig.sty
Package: trig 1999/03/16 v1.09 sin cos tan (DPC)
)
(/usr/local/texlive/2015/texmf-dist/tex/latex/latexconfig/graphics.cfg
File: graphics.cfg 2010/04/23 v1.9 graphics configuration of TeX Live
)
Package graphics Info: Driver file: pdftex.def on input line 94.

(/usr/local/texlive/2015/texmf-dist/tex/latex/pdftex-def/pdftex.def
File: pdftex.def 2011/05/27 v0.06d Graphics/color for pdfTeX
\Gread@gobject=\count99
))
\Gin@req@height=\dimen107
\Gin@req@width=\dimen108
)
(/usr/local/texlive/2015/texmf-dist/tex/latex/algorithms/algorithm.sty
Package: algorithm 2009/08/24 v0.1 Document Style `algorithm' - floating enviro
nment

(/usr/local/texlive/2015/texmf-dist/tex/latex/float/float.sty
Package: float 2001/11/08 v1.3d Float enhancements (AL)
\c@float@type=\count100
\float@exts=\toks15
\float@box=\box26
\@float@everytoks=\toks16
\@floatcapt=\box27
)
(/usr/local/texlive/2015/texmf-dist/tex/latex/base/ifthen.sty
Package: ifthen 2014/09/29 v1.1c Standard LaTeX ifthen package (DPC)
)
\@float@every@algorithm=\toks17
\c@algorithm=\count101
)
(/usr/local/texlive/2015/texmf-dist/tex/latex/algorithms/algorithmic.sty
Package: algorithmic 2009/08/24 v0.1 Document Style `algorithmic'
\c@ALC@unique=\count102
\c@ALC@line=\count103
\c@ALC@rem=\count104
\c@ALC@depth=\count105
\ALC@tlm=\skip44
\algorithmicindent=\skip45
)
(./report.aux)
\openout1 = `report.aux'.

LaTeX Font Info:    Checking defaults for OML/cmm/m/it on input line 37.
LaTeX Font Info:    ... okay on input line 37.
LaTeX Font Info:    Checking defaults for T1/cmr/m/n on input line 37.
LaTeX Font Info:    ... okay on input line 37.
LaTeX Font Info:    Checking defaults for OT1/cmr/m/n on input line 37.
LaTeX Font Info:    ... okay on input line 37.
LaTeX Font Info:    Checking defaults for OMS/cmsy/m/n on input line 37.
LaTeX Font Info:    ... okay on input line 37.
LaTeX Font Info:    Checking defaults for OMX/cmex/m/n on input line 37.
LaTeX Font Info:    ... okay on input line 37.
LaTeX Font Info:    Checking defaults for U/cmr/m/n on input line 37.
LaTeX Font Info:    ... okay on input line 37.
LaTeX Font Info:    Checking defaults for PD1/pdf/m/n on input line 37.
LaTeX Font Info:    ... okay on input line 37.
\AtBeginShipoutBox=\box28
Package hyperref Info: Link coloring ON on input line 37.

(/usr/local/texlive/2015/texmf-dist/tex/latex/hyperref/nameref.sty
Package: nameref 2012/10/27 v2.43 Cross-referencing by name of section

(/usr/local/texlive/2015/texmf-dist/tex/generic/oberdiek/gettitlestring.sty
Package: gettitlestring 2010/12/03 v1.4 Cleanup title references (HO)
)
\c@section@level=\count106
)
LaTeX Info: Redefining \ref on input line 37.
LaTeX Info: Redefining \pageref on input line 37.
LaTeX Info: Redefining \nameref on input line 37.

(./report.out) (./report.out)
\@outlinefile=\write3
\openout3 = `report.out'.


(/usr/local/texlive/2015/texmf-dist/tex/context/base/supp-pdf.mkii
[Loading MPS to PDF converter (version 2006.09.02).]
\scratchcounter=\count107
\scratchdimen=\dimen109
\scratchbox=\box29
\nofMPsegments=\count108
\nofMParguments=\count109
\everyMPshowfont=\toks18
\MPscratchCnt=\count110
\MPscratchDim=\dimen110
\MPnumerator=\count111
\makeMPintoPDFobject=\count112
\everyMPtoPDFconversion=\toks19
) (/usr/local/texlive/2015/texmf-dist/tex/latex/oberdiek/epstopdf-base.sty
Package: epstopdf-base 2010/02/09 v2.5 Base part for package epstopdf

(/usr/local/texlive/2015/texmf-dist/tex/latex/oberdiek/grfext.sty
Package: grfext 2010/08/19 v1.1 Manage graphics extensions (HO)
)
Package epstopdf-base Info: Redefining graphics rule for `.eps' on input line 4
34.
Package grfext Info: Graphics extension search list:
(grfext)             [.png,.pdf,.jpg,.mps,.jpeg,.jbig2,.jb2,.PNG,.PDF,.JPG,.JPE
G,.JBIG2,.JB2,.eps]
(grfext)             \AppendGraphicsExtensions on input line 452.

(/usr/local/texlive/2015/texmf-dist/tex/latex/latexconfig/epstopdf-sys.cfg
File: epstopdf-sys.cfg 2010/07/13 v1.3 Configuration of (r)epstopdf for TeX Liv
e
))
LaTeX Font Info:    External font `cmex10' loaded for size
(Font)              <10.95> on input line 39.
LaTeX Font Info:    External font `cmex10' loaded for size
(Font)              <8> on input line 39.
LaTeX Font Info:    External font `cmex10' loaded for size
(Font)              <6> on input line 39.
LaTeX Font Info:    External font `cmex10' loaded for size
(Font)              <9> on input line 39.
LaTeX Font Info:    External font `cmex10' loaded for size
(Font)              <5> on input line 39.


! LaTeX Error: There's no line here to end.

See the LaTeX manual or LaTeX Companion for explanation.
Type  H <return>  for immediate help.
 ...                                              
                                                  
l.52 \section
             {STL-10: semi-supervised image recognition}
Your command was ignored.
Type  I <command> <return>  to replace it with another command,
or  <return>  to continue without it.


! LaTeX Error: There's no line here to end.

See the LaTeX manual or LaTeX Companion for explanation.
Type  H <return>  for immediate help.
 ...                                              
                                                  
l.58 \section
             {Visualization}
Your command was ignored.
Type  I <command> <return>  to replace it with another command,
or  <return>  to continue without it.


! LaTeX Error: Environment subfigure undefined.

See the LaTeX manual or LaTeX Companion for explanation.
Type  H <return>  for immediate help.
 ...                                              
                                                  
l.63 \begin{subfigure}
                      
Your command was ignored.
Type  I <command> <return>  to replace it with another command,
or  <return>  to continue without it.

<../fig/img_regNorm/2.png, id=4, 96.36pt x 96.36pt>
File: ../fig/img_regNorm/2.png Graphic file (type png)

<use ../fig/img_regNorm/2.png>
Package pdftex.def Info: ../fig/img_regNorm/2.png used on input line 65.
(pdftex.def)             Requested size: 142.26378pt x 142.26353pt.


! LaTeX Error: \begin{figure} on input line 61 ended by \end{subfigure}.

See the LaTeX manual or LaTeX Companion for explanation.
Type  H <return>  for immediate help.
 ...                                              
                                                  
l.67 \end{subfigure}
                    
Your command was ignored.
Type  I <command> <return>  to replace it with another command,
or  <return>  to continue without it.


! LaTeX Error: Environment subfigure undefined.

See the LaTeX manual or LaTeX Companion for explanation.
Type  H <return>  for immediate help.
 ...                                              
                                                  
l.68 \begin{subfigure}
                      
Your command was ignored.
Type  I <command> <return>  to replace it with another command,
or  <return>  to continue without it.

! Undefined control sequence.
l.70   \subfloat
                {\includegraphics[width = 10mm]{../fig/img_regNorm/2.png}}&
The control sequence at the end of the top line
of your error message was never \def'ed. If you have
misspelled it (e.g., `\hobx'), type `I' and the correct
spelling (e.g., `I\hbox'). Otherwise just continue,
and I'll forget about whatever was undefined.

File: ../fig/img_regNorm/2.png Graphic file (type png)
<use ../fig/img_regNorm/2.png>
Package pdftex.def Info: ../fig/img_regNorm/2.png used on input line 70.
(pdftex.def)             Requested size: 28.45274pt x 28.45241pt.

! Undefined control sequence.
l.71   \subfloat
                {\includegraphics[width = 10mm]{../fig/img/2_1.png}}&
The control sequence at the end of the top line
of your error message was never \def'ed. If you have
misspelled it (e.g., `\hobx'), type `I' and the correct
spelling (e.g., `I\hbox'). Otherwise just continue,
and I'll forget about whatever was undefined.

<../fig/img/2_1.png, id=5, 32.12pt x 32.12pt>
File: ../fig/img/2_1.png Graphic file (type png)
 <use ../fig/img/2_1.png>
Package pdftex.def Info: ../fig/img/2_1.png used on input line 71.
(pdftex.def)             Requested size: 28.45274pt x 28.45338pt.

! Undefined control sequence.
l.72   \subfloat
                {\includegraphics[width = 10mm]{../fig/img/2_2.png}}&
The control sequence at the end of the top line
of your error message was never \def'ed. If you have
misspelled it (e.g., `\hobx'), type `I' and the correct
spelling (e.g., `I\hbox'). Otherwise just continue,
and I'll forget about whatever was undefined.

<../fig/img/2_2.png, id=6, 32.12pt x 32.12pt>
File: ../fig/img/2_2.png Graphic file (type png)
 <use ../fig/img/2_2.png>
Package pdftex.def Info: ../fig/img/2_2.png used on input line 72.
(pdftex.def)             Requested size: 28.45274pt x 28.45338pt.

! Undefined control sequence.
l.73   \subfloat
                {\includegraphics[width = 10mm]{../fig/img/2_19.png}}\\
The control sequence at the end of the top line
of your error message was never \def'ed. If you have
misspelled it (e.g., `\hobx'), type `I' and the correct
spelling (e.g., `I\hbox'). Otherwise just continue,
and I'll forget about whatever was undefined.

<../fig/img/2_19.png, id=7, 32.12pt x 32.12pt>
File: ../fig/img/2_19.png Graphic file (type png)
 <use ../fig/img/2_19.png>
Package pdftex.def Info: ../fig/img/2_19.png used on input line 73.
(pdftex.def)             Requested size: 28.45274pt x 28.45338pt.

! Undefined control sequence.
<recently read> \subfloat 
                          
l.74   \subfloat
                {\includegraphics[width = 10mm]{../fig/img/2_3.png}}&
The control sequence at the end of the top line
of your error message was never \def'ed. If you have
misspelled it (e.g., `\hobx'), type `I' and the correct
spelling (e.g., `I\hbox'). Otherwise just continue,
and I'll forget about whatever was undefined.

<../fig/img/2_3.png, id=8, 32.12pt x 32.12pt>
File: ../fig/img/2_3.png Graphic file (type png)
 <use ../fig/img/2_3.png>
Package pdftex.def Info: ../fig/img/2_3.png used on input line 74.
(pdftex.def)             Requested size: 28.45274pt x 28.45338pt.

! Undefined control sequence.
l.75   \subfloat
                {\includegraphics[width = 10mm]{../fig/img/2_4.png}}&
The control sequence at the end of the top line
of your error message was never \def'ed. If you have
misspelled it (e.g., `\hobx'), type `I' and the correct
spelling (e.g., `I\hbox'). Otherwise just continue,
and I'll forget about whatever was undefined.

<../fig/img/2_4.png, id=9, 32.12pt x 32.12pt>
File: ../fig/img/2_4.png Graphic file (type png)
 <use ../fig/img/2_4.png>
Package pdftex.def Info: ../fig/img/2_4.png used on input line 75.
(pdftex.def)             Requested size: 28.45274pt x 28.45338pt.

! Undefined control sequence.
l.76   \subfloat
                {\includegraphics[width = 10mm]{../fig/img/2_5.png}}&
The control sequence at the end of the top line
of your error message was never \def'ed. If you have
misspelled it (e.g., `\hobx'), type `I' and the correct
spelling (e.g., `I\hbox'). Otherwise just continue,
and I'll forget about whatever was undefined.

<../fig/img/2_5.png, id=10, 32.12pt x 32.12pt>
File: ../fig/img/2_5.png Graphic file (type png)
 <use ../fig/img/2_5.png>
Package pdftex.def Info: ../fig/img/2_5.png used on input line 76.
(pdftex.def)             Requested size: 28.45274pt x 28.45338pt.

! Undefined control sequence.
l.77   \subfloat
                {\includegraphics[width = 10mm]{../fig/img/2_10.png}}\\
The control sequence at the end of the top line
of your error message was never \def'ed. If you have
misspelled it (e.g., `\hobx'), type `I' and the correct
spelling (e.g., `I\hbox'). Otherwise just continue,
and I'll forget about whatever was undefined.

<../fig/img/2_10.png, id=11, 32.12pt x 32.12pt>
File: ../fig/img/2_10.png Graphic file (type png)
 <use ../fig/img/2_10.png>
Package pdftex.def Info: ../fig/img/2_10.png used on input line 77.
(pdftex.def)             Requested size: 28.45274pt x 28.45338pt.

! Undefined control sequence.
<recently read> \subfloat 
                          
l.78   \subfloat
                {\includegraphics[width = 10mm]{../fig/img/2_25.png}}&
The control sequence at the end of the top line
of your error message was never \def'ed. If you have
misspelled it (e.g., `\hobx'), type `I' and the correct
spelling (e.g., `I\hbox'). Otherwise just continue,
and I'll forget about whatever was undefined.

<../fig/img/2_25.png, id=12, 32.12pt x 32.12pt>
File: ../fig/img/2_25.png Graphic file (type png)
 <use ../fig/img/2_25.png>
Package pdftex.def Info: ../fig/img/2_25.png used on input line 78.
(pdftex.def)             Requested size: 28.45274pt x 28.45338pt.

! Undefined control sequence.
l.79   \subfloat
                {\includegraphics[width = 10mm]{../fig/img/2_26.png}}&
The control sequence at the end of the top line
of your error message was never \def'ed. If you have
misspelled it (e.g., `\hobx'), type `I' and the correct
spelling (e.g., `I\hbox'). Otherwise just continue,
and I'll forget about whatever was undefined.

<../fig/img/2_26.png, id=13, 32.12pt x 32.12pt>
File: ../fig/img/2_26.png Graphic file (type png)
 <use ../fig/img/2_26.png>
Package pdftex.def Info: ../fig/img/2_26.png used on input line 79.
(pdftex.def)             Requested size: 28.45274pt x 28.45338pt.

! Undefined control sequence.
l.80   \subfloat
                {\includegraphics[width = 10mm]{../fig/img/2_29.png}}&
The control sequence at the end of the top line
of your error message was never \def'ed. If you have
misspelled it (e.g., `\hobx'), type `I' and the correct
spelling (e.g., `I\hbox'). Otherwise just continue,
and I'll forget about whatever was undefined.

<../fig/img/2_29.png, id=14, 32.12pt x 32.12pt>
File: ../fig/img/2_29.png Graphic file (type png)
 <use ../fig/img/2_29.png>
Package pdftex.def Info: ../fig/img/2_29.png used on input line 80.
(pdftex.def)             Requested size: 28.45274pt x 28.45338pt.

! Undefined control sequence.
l.81   \subfloat
                {\includegraphics[width = 10mm]{../fig/img/2_30.png}}\\
The control sequence at the end of the top line
of your error message was never \def'ed. If you have
misspelled it (e.g., `\hobx'), type `I' and the correct
spelling (e.g., `I\hbox'). Otherwise just continue,
and I'll forget about whatever was undefined.

<../fig/img/2_30.png, id=15, 32.12pt x 32.12pt>
File: ../fig/img/2_30.png Graphic file (type png)
 <use ../fig/img/2_30.png>
Package pdftex.def Info: ../fig/img/2_30.png used on input line 81.
(pdftex.def)             Requested size: 28.45274pt x 28.45338pt.

! Undefined control sequence.
<recently read> \subfloat 
                          
l.82   \subfloat
                {\includegraphics[width = 10mm]{../fig/img/2_32.png}}&
The control sequence at the end of the top line
of your error message was never \def'ed. If you have
misspelled it (e.g., `\hobx'), type `I' and the correct
spelling (e.g., `I\hbox'). Otherwise just continue,
and I'll forget about whatever was undefined.

<../fig/img/2_32.png, id=16, 32.12pt x 32.12pt>
File: ../fig/img/2_32.png Graphic file (type png)
 <use ../fig/img/2_32.png>
Package pdftex.def Info: ../fig/img/2_32.png used on input line 82.
(pdftex.def)             Requested size: 28.45274pt x 28.45338pt.

! Undefined control sequence.
l.83   \subfloat
                {\includegraphics[width = 10mm]{../fig/img/2_33.png}}&
The control sequence at the end of the top line
of your error message was never \def'ed. If you have
misspelled it (e.g., `\hobx'), type `I' and the correct
spelling (e.g., `I\hbox'). Otherwise just continue,
and I'll forget about whatever was undefined.

<../fig/img/2_33.png, id=17, 32.12pt x 32.12pt>
File: ../fig/img/2_33.png Graphic file (type png)
 <use ../fig/img/2_33.png>
Package pdftex.def Info: ../fig/img/2_33.png used on input line 83.
(pdftex.def)             Requested size: 28.45274pt x 28.45338pt.

! Undefined control sequence.
l.84   \subfloat
                {\includegraphics[width = 10mm]{../fig/img/2_34.png}}&
The control sequence at the end of the top line
of your error message was never \def'ed. If you have
misspelled it (e.g., `\hobx'), type `I' and the correct
spelling (e.g., `I\hbox'). Otherwise just continue,
and I'll forget about whatever was undefined.

<../fig/img/2_34.png, id=18, 32.12pt x 32.12pt>
File: ../fig/img/2_34.png Graphic file (type png)
 <use ../fig/img/2_34.png>
Package pdftex.def Info: ../fig/img/2_34.png used on input line 84.
(pdftex.def)             Requested size: 28.45274pt x 28.45338pt.

! Undefined control sequence.
l.85   \subfloat
                {\includegraphics[width = 10mm]{../fig/img/2_35.png}}\\
The control sequence at the end of the top line
of your error message was never \def'ed. If you have
misspelled it (e.g., `\hobx'), type `I' and the correct
spelling (e.g., `I\hbox'). Otherwise just continue,
and I'll forget about whatever was undefined.

<../fig/img/2_35.png, id=19, 32.12pt x 32.12pt>
File: ../fig/img/2_35.png Graphic file (type png)
 <use ../fig/img/2_35.png>
Package pdftex.def Info: ../fig/img/2_35.png used on input line 85.
(pdftex.def)             Requested size: 28.45274pt x 28.45338pt.

! Undefined control sequence.
<recently read> \subfloat 
                          
l.86   \subfloat
                {\includegraphics[width = 10mm]{../fig/img/2_37.png}}&
The control sequence at the end of the top line
of your error message was never \def'ed. If you have
misspelled it (e.g., `\hobx'), type `I' and the correct
spelling (e.g., `I\hbox'). Otherwise just continue,
and I'll forget about whatever was undefined.

<../fig/img/2_37.png, id=20, 32.12pt x 32.12pt>
File: ../fig/img/2_37.png Graphic file (type png)
 <use ../fig/img/2_37.png>
Package pdftex.def Info: ../fig/img/2_37.png used on input line 86.
(pdftex.def)             Requested size: 28.45274pt x 28.45338pt.

! Undefined control sequence.
l.87   \subfloat
                {\includegraphics[width = 10mm]{../fig/img/2_38.png}}&
The control sequence at the end of the top line
of your error message was never \def'ed. If you have
misspelled it (e.g., `\hobx'), type `I' and the correct
spelling (e.g., `I\hbox'). Otherwise just continue,
and I'll forget about whatever was undefined.

<../fig/img/2_38.png, id=21, 32.12pt x 32.12pt>
File: ../fig/img/2_38.png Graphic file (type png)
 <use ../fig/img/2_38.png>
Package pdftex.def Info: ../fig/img/2_38.png used on input line 87.
(pdftex.def)             Requested size: 28.45274pt x 28.45338pt.

! Undefined control sequence.
l.88   \subfloat
                {\includegraphics[width = 10mm]{../fig/img/2_41.png}}&
The control sequence at the end of the top line
of your error message was never \def'ed. If you have
misspelled it (e.g., `\hobx'), type `I' and the correct
spelling (e.g., `I\hbox'). Otherwise just continue,
and I'll forget about whatever was undefined.

<../fig/img/2_41.png, id=22, 32.12pt x 32.12pt>
File: ../fig/img/2_41.png Graphic file (type png)
 <use ../fig/img/2_41.png>
Package pdftex.def Info: ../fig/img/2_41.png used on input line 88.
(pdftex.def)             Requested size: 28.45274pt x 28.45338pt.

! Undefined control sequence.
l.89   \subfloat
                {\includegraphics[width = 10mm]{../fig/img/2_48.png}}&
The control sequence at the end of the top line
of your error message was never \def'ed. If you have
misspelled it (e.g., `\hobx'), type `I' and the correct
spelling (e.g., `I\hbox'). Otherwise just continue,
and I'll forget about whatever was undefined.

<../fig/img/2_48.png, id=23, 32.12pt x 32.12pt>
File: ../fig/img/2_48.png Graphic file (type png)
 <use ../fig/img/2_48.png>
Package pdftex.def Info: ../fig/img/2_48.png used on input line 89.
(pdftex.def)             Requested size: 28.45274pt x 28.45338pt.

! Extra alignment tab has been changed to \cr.
<recently read> \endtemplate 
                             
l.89 ...phics[width = 10mm]{../fig/img/2_48.png}}&
                                                  
You have given more \span or & marks than there were
in the preamble to the \halign or \valign now in progress.
So I'll assume that you meant to type \cr instead.


! LaTeX Error: \begin{figure} on input line 61 ended by \end{subfigure}.

See the LaTeX manual or LaTeX Companion for explanation.
Type  H <return>  for immediate help.
 ...                                              
                                                  
l.91 \end{subfigure}
                    
Your command was ignored.
Type  I <command> <return>  to replace it with another command,
or  <return>  to continue without it.


! LaTeX Error: Environment subfigure undefined.

See the LaTeX manual or LaTeX Companion for explanation.
Type  H <return>  for immediate help.
 ...                                              
                                                  
l.97 \begin{subfigure}
                      
Your command was ignored.
Type  I <command> <return>  to replace it with another command,
or  <return>  to continue without it.

<../fig/kmeansMethod.png, id=24, 467.7475pt x 194.7275pt>
File: ../fig/kmeansMethod.png Graphic file (type png)

<use ../fig/kmeansMethod.png>
Package pdftex.def Info: ../fig/kmeansMethod.png used on input line 99.
(pdftex.def)             Requested size: 284.52756pt x 118.45674pt.


! LaTeX Error: \begin{figure} on input line 95 ended by \end{subfigure}.

See the LaTeX manual or LaTeX Companion for explanation.
Type  H <return>  for immediate help.
 ...                                              
                                                  
l.101 \end{subfigure}
                     
Your command was ignored.
Type  I <command> <return>  to replace it with another command,
or  <return>  to continue without it.


! LaTeX Error: Environment subfigure undefined.

See the LaTeX manual or LaTeX Companion for explanation.
Type  H <return>  for immediate help.
 ...                                              
                                                  
l.102 \begin{subfigure}
                       
Your command was ignored.
Type  I <command> <return>  to replace it with another command,
or  <return>  to continue without it.

! Undefined control sequence.
l.104   \subfloat
                 {\includegraphics[width = 10mm]{../fig/center_20000_700/cen...
The control sequence at the end of the top line
of your error message was never \def'ed. If you have
misspelled it (e.g., `\hobx'), type `I' and the correct
spelling (e.g., `I\hbox'). Otherwise just continue,
and I'll forget about whatever was undefined.

<../fig/center_20000_700/center4.png, id=26, 22.0825pt x 22.0825pt>
File: ../fig/center_20000_700/center4.png Graphic file (type png)

<use ../fig/center_20000_700/center4.png>
Package pdftex.def Info: ../fig/center_20000_700/center4.png used on input line
 104.
(pdftex.def)             Requested size: 28.45274pt x 28.45316pt.

! Undefined control sequence.
l.105   \subfloat
                 {\includegraphics[width = 10mm]{../fig/center_20000_700/cen...
The control sequence at the end of the top line
of your error message was never \def'ed. If you have
misspelled it (e.g., `\hobx'), type `I' and the correct
spelling (e.g., `I\hbox'). Otherwise just continue,
and I'll forget about whatever was undefined.

<../fig/center_20000_700/center5.png, id=27, 22.0825pt x 22.0825pt>
File: ../fig/center_20000_700/center5.png Graphic file (type png)

<use ../fig/center_20000_700/center5.png>
Package pdftex.def Info: ../fig/center_20000_700/center5.png used on input line
 105.
(pdftex.def)             Requested size: 28.45274pt x 28.45316pt.

! Undefined control sequence.
l.106   \subfloat
                 {\includegraphics[width = 10mm]{../fig/center_20000_700/cen...
The control sequence at the end of the top line
of your error message was never \def'ed. If you have
misspelled it (e.g., `\hobx'), type `I' and the correct
spelling (e.g., `I\hbox'). Otherwise just continue,
and I'll forget about whatever was undefined.

<../fig/center_20000_700/center6.png, id=28, 22.0825pt x 22.0825pt>
File: ../fig/center_20000_700/center6.png Graphic file (type png)

<use ../fig/center_20000_700/center6.png>
Package pdftex.def Info: ../fig/center_20000_700/center6.png used on input line
 106.
(pdftex.def)             Requested size: 28.45274pt x 28.45316pt.

! Undefined control sequence.
l.107   \subfloat
                 {\includegraphics[width = 10mm]{../fig/center_20000_700/cen...
The control sequence at the end of the top line
of your error message was never \def'ed. If you have
misspelled it (e.g., `\hobx'), type `I' and the correct
spelling (e.g., `I\hbox'). Otherwise just continue,
and I'll forget about whatever was undefined.

<../fig/center_20000_700/center8.png, id=29, 22.0825pt x 22.0825pt>
File: ../fig/center_20000_700/center8.png Graphic file (type png)

<use ../fig/center_20000_700/center8.png>
Package pdftex.def Info: ../fig/center_20000_700/center8.png used on input line
 107.
(pdftex.def)             Requested size: 28.45274pt x 28.45316pt.

! Undefined control sequence.
<recently read> \subfloat 
                          
l.108   \subfloat
                 {\includegraphics[width = 10mm]{../fig/center_20000_700/cen...
The control sequence at the end of the top line
of your error message was never \def'ed. If you have
misspelled it (e.g., `\hobx'), type `I' and the correct
spelling (e.g., `I\hbox'). Otherwise just continue,
and I'll forget about whatever was undefined.

<../fig/center_20000_700/center12.png, id=30, 22.0825pt x 22.0825pt>
File: ../fig/center_20000_700/center12.png Graphic file (type png)

<use ../fig/center_20000_700/center12.png>
Package pdftex.def Info: ../fig/center_20000_700/center12.png used on input lin
e 108.
(pdftex.def)             Requested size: 28.45274pt x 28.45316pt.

! Undefined control sequence.
l.109   \subfloat
                 {\includegraphics[width = 10mm]{../fig/center_20000_700/cen...
The control sequence at the end of the top line
of your error message was never \def'ed. If you have
misspelled it (e.g., `\hobx'), type `I' and the correct
spelling (e.g., `I\hbox'). Otherwise just continue,
and I'll forget about whatever was undefined.

<../fig/center_20000_700/center22.png, id=31, 22.0825pt x 22.0825pt>
File: ../fig/center_20000_700/center22.png Graphic file (type png)

<use ../fig/center_20000_700/center22.png>
Package pdftex.def Info: ../fig/center_20000_700/center22.png used on input lin
e 109.
(pdftex.def)             Requested size: 28.45274pt x 28.45316pt.

! Undefined control sequence.
l.110   \subfloat
                 {\includegraphics[width = 10mm]{../fig/center_20000_700/cen...
The control sequence at the end of the top line
of your error message was never \def'ed. If you have
misspelled it (e.g., `\hobx'), type `I' and the correct
spelling (e.g., `I\hbox'). Otherwise just continue,
and I'll forget about whatever was undefined.

<../fig/center_20000_700/center23.png, id=32, 22.0825pt x 22.0825pt>
File: ../fig/center_20000_700/center23.png Graphic file (type png)

<use ../fig/center_20000_700/center23.png>
Package pdftex.def Info: ../fig/center_20000_700/center23.png used on input lin
e 110.
(pdftex.def)             Requested size: 28.45274pt x 28.45316pt.

! Undefined control sequence.
l.111   \subfloat
                 {\includegraphics[width = 10mm]{../fig/center_20000_700/cen...
The control sequence at the end of the top line
of your error message was never \def'ed. If you have
misspelled it (e.g., `\hobx'), type `I' and the correct
spelling (e.g., `I\hbox'). Otherwise just continue,
and I'll forget about whatever was undefined.

<../fig/center_20000_700/center24.png, id=33, 22.0825pt x 22.0825pt>
File: ../fig/center_20000_700/center24.png Graphic file (type png)

<use ../fig/center_20000_700/center24.png>
Package pdftex.def Info: ../fig/center_20000_700/center24.png used on input lin
e 111.
(pdftex.def)             Requested size: 28.45274pt x 28.45316pt.

! Undefined control sequence.
<recently read> \subfloat 
                          
l.112   \subfloat
                 {\includegraphics[width = 10mm]{../fig/center_20000_700/cen...
The control sequence at the end of the top line
of your error message was never \def'ed. If you have
misspelled it (e.g., `\hobx'), type `I' and the correct
spelling (e.g., `I\hbox'). Otherwise just continue,
and I'll forget about whatever was undefined.

<../fig/center_20000_700/center28.png, id=34, 22.0825pt x 22.0825pt>
File: ../fig/center_20000_700/center28.png Graphic file (type png)

<use ../fig/center_20000_700/center28.png>
Package pdftex.def Info: ../fig/center_20000_700/center28.png used on input lin
e 112.
(pdftex.def)             Requested size: 28.45274pt x 28.45316pt.

! Undefined control sequence.
l.113   \subfloat
                 {\includegraphics[width = 10mm]{../fig/center_20000_700/cen...
The control sequence at the end of the top line
of your error message was never \def'ed. If you have
misspelled it (e.g., `\hobx'), type `I' and the correct
spelling (e.g., `I\hbox'). Otherwise just continue,
and I'll forget about whatever was undefined.

<../fig/center_20000_700/center30.png, id=35, 22.0825pt x 22.0825pt>
File: ../fig/center_20000_700/center30.png Graphic file (type png)

<use ../fig/center_20000_700/center30.png>
Package pdftex.def Info: ../fig/center_20000_700/center30.png used on input lin
e 113.
(pdftex.def)             Requested size: 28.45274pt x 28.45316pt.

! Undefined control sequence.
l.114   \subfloat
                 {\includegraphics[width = 10mm]{../fig/center_20000_700/cen...
The control sequence at the end of the top line
of your error message was never \def'ed. If you have
misspelled it (e.g., `\hobx'), type `I' and the correct
spelling (e.g., `I\hbox'). Otherwise just continue,
and I'll forget about whatever was undefined.

<../fig/center_20000_700/center36.png, id=36, 22.0825pt x 22.0825pt>
File: ../fig/center_20000_700/center36.png Graphic file (type png)

<use ../fig/center_20000_700/center36.png>
Package pdftex.def Info: ../fig/center_20000_700/center36.png used on input lin
e 114.
(pdftex.def)             Requested size: 28.45274pt x 28.45316pt.

! Undefined control sequence.
l.115   \subfloat
                 {\includegraphics[width = 10mm]{../fig/center_20000_700/cen...
The control sequence at the end of the top line
of your error message was never \def'ed. If you have
misspelled it (e.g., `\hobx'), type `I' and the correct
spelling (e.g., `I\hbox'). Otherwise just continue,
and I'll forget about whatever was undefined.

<../fig/center_20000_700/center37.png, id=37, 22.0825pt x 22.0825pt>
File: ../fig/center_20000_700/center37.png Graphic file (type png)

<use ../fig/center_20000_700/center37.png>
Package pdftex.def Info: ../fig/center_20000_700/center37.png used on input lin
e 115.
(pdftex.def)             Requested size: 28.45274pt x 28.45316pt.

! Undefined control sequence.
<recently read> \subfloat 
                          
l.116   \subfloat
                 {\includegraphics[width = 10mm]{../fig/center_20000_700/cen...
The control sequence at the end of the top line
of your error message was never \def'ed. If you have
misspelled it (e.g., `\hobx'), type `I' and the correct
spelling (e.g., `I\hbox'). Otherwise just continue,
and I'll forget about whatever was undefined.

<../fig/center_20000_700/center38.png, id=38, 22.0825pt x 22.0825pt>
File: ../fig/center_20000_700/center38.png Graphic file (type png)

<use ../fig/center_20000_700/center38.png>
Package pdftex.def Info: ../fig/center_20000_700/center38.png used on input lin
e 116.
(pdftex.def)             Requested size: 28.45274pt x 28.45316pt.

! Undefined control sequence.
l.117   \subfloat
                 {\includegraphics[width = 10mm]{../fig/center_20000_700/cen...
The control sequence at the end of the top line
of your error message was never \def'ed. If you have
misspelled it (e.g., `\hobx'), type `I' and the correct
spelling (e.g., `I\hbox'). Otherwise just continue,
and I'll forget about whatever was undefined.

<../fig/center_20000_700/center41.png, id=39, 22.0825pt x 22.0825pt>
File: ../fig/center_20000_700/center41.png Graphic file (type png)

<use ../fig/center_20000_700/center41.png>
Package pdftex.def Info: ../fig/center_20000_700/center41.png used on input lin
e 117.
(pdftex.def)             Requested size: 28.45274pt x 28.45316pt.

! Undefined control sequence.
l.118   \subfloat
                 {\includegraphics[width = 10mm]{../fig/center_20000_700/cen...
The control sequence at the end of the top line
of your error message was never \def'ed. If you have
misspelled it (e.g., `\hobx'), type `I' and the correct
spelling (e.g., `I\hbox'). Otherwise just continue,
and I'll forget about whatever was undefined.

<../fig/center_20000_700/center46.png, id=40, 22.0825pt x 22.0825pt>
File: ../fig/center_20000_700/center46.png Graphic file (type png)

<use ../fig/center_20000_700/center46.png>
Package pdftex.def Info: ../fig/center_20000_700/center46.png used on input lin
e 118.
(pdftex.def)             Requested size: 28.45274pt x 28.45316pt.

! Undefined control sequence.
l.119   \subfloat
                 {\includegraphics[width = 10mm]{../fig/center_20000_700/cen...
The control sequence at the end of the top line
of your error message was never \def'ed. If you have
misspelled it (e.g., `\hobx'), type `I' and the correct
spelling (e.g., `I\hbox'). Otherwise just continue,
and I'll forget about whatever was undefined.

<../fig/center_20000_700/center49.png, id=41, 22.0825pt x 22.0825pt>
File: ../fig/center_20000_700/center49.png Graphic file (type png)

<use ../fig/center_20000_700/center49.png>
Package pdftex.def Info: ../fig/center_20000_700/center49.png used on input lin
e 119.
(pdftex.def)             Requested size: 28.45274pt x 28.45316pt.

! Undefined control sequence.
<recently read> \subfloat 
                          
l.120   \subfloat
                 {\includegraphics[width = 10mm]{../fig/center_20000_700/cen...
The control sequence at the end of the top line
of your error message was never \def'ed. If you have
misspelled it (e.g., `\hobx'), type `I' and the correct
spelling (e.g., `I\hbox'). Otherwise just continue,
and I'll forget about whatever was undefined.

<../fig/center_20000_700/center50.png, id=42, 22.0825pt x 22.0825pt>
File: ../fig/center_20000_700/center50.png Graphic file (type png)

<use ../fig/center_20000_700/center50.png>
Package pdftex.def Info: ../fig/center_20000_700/center50.png used on input lin
e 120.
(pdftex.def)             Requested size: 28.45274pt x 28.45316pt.

! Undefined control sequence.
l.121   \subfloat
                 {\includegraphics[width = 10mm]{../fig/center_20000_700/cen...
The control sequence at the end of the top line
of your error message was never \def'ed. If you have
misspelled it (e.g., `\hobx'), type `I' and the correct
spelling (e.g., `I\hbox'). Otherwise just continue,
and I'll forget about whatever was undefined.

<../fig/center_20000_700/center52.png, id=43, 22.0825pt x 22.0825pt>
File: ../fig/center_20000_700/center52.png Graphic file (type png)

<use ../fig/center_20000_700/center52.png>
Package pdftex.def Info: ../fig/center_20000_700/center52.png used on input lin
e 121.
(pdftex.def)             Requested size: 28.45274pt x 28.45316pt.

! Undefined control sequence.
l.122   \subfloat
                 {\includegraphics[width = 10mm]{../fig/center_20000_700/cen...
The control sequence at the end of the top line
of your error message was never \def'ed. If you have
misspelled it (e.g., `\hobx'), type `I' and the correct
spelling (e.g., `I\hbox'). Otherwise just continue,
and I'll forget about whatever was undefined.

<../fig/center_20000_700/center57.png, id=44, 22.0825pt x 22.0825pt>
File: ../fig/center_20000_700/center57.png Graphic file (type png)

<use ../fig/center_20000_700/center57.png>
Package pdftex.def Info: ../fig/center_20000_700/center57.png used on input lin
e 122.
(pdftex.def)             Requested size: 28.45274pt x 28.45316pt.

! Undefined control sequence.
l.123   \subfloat
                 {\includegraphics[width = 10mm]{../fig/center_20000_700/cen...
The control sequence at the end of the top line
of your error message was never \def'ed. If you have
misspelled it (e.g., `\hobx'), type `I' and the correct
spelling (e.g., `I\hbox'). Otherwise just continue,
and I'll forget about whatever was undefined.

<../fig/center_20000_700/center58.png, id=45, 22.0825pt x 22.0825pt>
File: ../fig/center_20000_700/center58.png Graphic file (type png)

<use ../fig/center_20000_700/center58.png>
Package pdftex.def Info: ../fig/center_20000_700/center58.png used on input lin
e 123.
(pdftex.def)             Requested size: 28.45274pt x 28.45316pt.

! Extra alignment tab has been changed to \cr.
<recently read> \endtemplate 
                             
l.123 ...]{../fig/center_20000_700/center58.png}}&
                                                  
You have given more \span or & marks than there were
in the preamble to the \halign or \valign now in progress.
So I'll assume that you meant to type \cr instead.


! LaTeX Error: \begin{figure} on input line 95 ended by \end{subfigure}.

See the LaTeX manual or LaTeX Companion for explanation.
Type  H <return>  for immediate help.
 ...                                              
                                                  
l.125 \end{subfigure}
                     
Your command was ignored.
Type  I <command> <return>  to replace it with another command,
or  <return>  to continue without it.

! Undefined control sequence.
\@thehead ->\slugmaster 
                        
l.127 \end{figure}
                  
The control sequence at the end of the top line
of your error message was never \def'ed. If you have
misspelled it (e.g., `\hobx'), type `I' and the correct
spelling (e.g., `I\hbox'). Otherwise just continue,
and I'll forget about whatever was undefined.

[1

{/usr/local/texlive/2015/texmf-var/fonts/map/pdftex/updmap/pdftex.map}pdfTeX wa
rning (ext4): destination with the same identifier (name{figure.1}) has been al
ready used, duplicate ignored

\AtBegShi@Output ...ipout \box \AtBeginShipoutBox 
                                                  \fi \fi 
l.127 \end{figure}
                   <../fig/img_regNorm/2.png (PNG copy)> <../fig/img/2_1.png (P
NG copy)> <../fig/img/2_2.png (PNG copy)> <../fig/img/2_19.png (PNG copy)> <../
fig/img/2_3.png (PNG copy)> <../fig/img/2_4.png (PNG copy)> <../fig/img/2_5.png
 (PNG copy)> <../fig/img/2_10.png (PNG copy)> <../fig/img/2_25.png (PNG copy)> 
<../fig/img/2_26.png (PNG copy)> <../fig/img/2_29.png (PNG copy)> <../fig/img/2
_30.png (PNG copy)> <../fig/img/2_32.png (PNG copy)> <../fig/img/2_33.png (PNG 
copy)> <../fig/img/2_34.png (PNG copy)> <../fig/img/2_35.png (PNG copy)> <../fi
g/img/2_37.png (PNG copy)> <../fig/img/2_38.png (PNG copy)> <../fig/img/2_41.pn
g (PNG copy)> <../fig/img/2_48.png (PNG copy)>]
<../fig/t_SNEIII.jpeg, id=69, 4111.36pt x 4111.36pt>
File: ../fig/t_SNEIII.jpeg Graphic file (type jpg)

<use ../fig/t_SNEIII.jpeg>
Package pdftex.def Info: ../fig/t_SNEIII.jpeg used on input line 134.
(pdftex.def)             Requested size: 284.52756pt x 284.4997pt.

Underfull \vbox (badness 10000) has occurred while \output is active []


Overfull \vbox (3.04993pt too high) has occurred while \output is active []


[2pdfTeX warning (ext4): destination with the same identifier (name{figure.2}) 
has been already used, duplicate ignored

\AtBegShi@Output ...ipout \box \AtBeginShipoutBox 
                                                  \fi \fi 
l.137 
       <../fig/kmeansMethod.png> <../fig/center_20000_700/center4.png (PNG copy
)> <../fig/center_20000_700/center5.png (PNG copy)> <../fig/center_20000_700/ce
nter6.png (PNG copy)> <../fig/center_20000_700/center8.png (PNG copy)> <../fig/
center_20000_700/center12.png (PNG copy)> <../fig/center_20000_700/center22.png
 (PNG copy)> <../fig/center_20000_700/center23.png (PNG copy)> <../fig/center_2
0000_700/center24.png (PNG copy)> <../fig/center_20000_700/center28.png (PNG co
py)> <../fig/center_20000_700/center30.png (PNG copy)> <../fig/center_20000_700
/center36.png (PNG copy)> <../fig/center_20000_700/center37.png (PNG copy)> <..
/fig/center_20000_700/center38.png (PNG copy)> <../fig/center_20000_700/center4
1.png (PNG copy)> <../fig/center_20000_700/center46.png (PNG copy)> <../fig/cen
ter_20000_700/center49.png (PNG copy)> <../fig/center_20000_700/center50.png (P
NG copy)> <../fig/center_20000_700/center52.png (PNG copy)> <../fig/center_2000
0_700/center57.png (PNG copy)> <../fig/center_20000_700/center58.png (PNG copy)
>]
Package atveryend Info: Empty hook `BeforeClearDocument' on input line 138.

Overfull \vbox (3.04993pt too high) has occurred while \output is active []


[3pdfTeX warning (ext4): destination with the same identifier (name{figure.3}) 
has been already used, duplicate ignored

\AtBegShi@Output ...ipout \box \AtBeginShipoutBox 
                                                  \fi \fi 
l.138 \end{document}
                     <../fig/t_SNEIII.jpeg>]
Package atveryend Info: Empty hook `AfterLastShipout' on input line 138.
 (./report.aux)
Package atveryend Info: Executing hook `AtVeryEndDocument' on input line 138.
Package atveryend Info: Executing hook `AtEndAfterFileList' on input line 138.
Package rerunfilecheck Info: File `report.out' has not changed.
(rerunfilecheck)             Checksum: D41D8CD98F00B204E9800998ECF8427E;0.
Package atveryend Info: Empty hook `AtVeryVeryEnd' on input line 138.
 ) 
Here is how much of TeX's memory you used:
 5908 strings out of 493089
 89264 string characters out of 6134842
 171293 words of memory out of 5000000
 9292 multiletter control sequences out of 15000+600000
 10202 words of font info for 36 fonts, out of 8000000 for 9000
 1141 hyphenation exceptions out of 8191
 36i,13n,23p,553b,343s stack positions out of 5000i,500n,10000p,200000b,80000s
</usr/local/texlive/2015/texmf-dist/fonts/type1/public/amsfonts/cm/cmr10.pfb>
</usr/local/texlive/2015/texmf-dist/fonts/type1/public/amsfonts/cm/cmr9.pfb></u
sr/local/texlive/2015/texmf-dist/fonts/type1/public/amsfonts/cm/cmss10.pfb></us
r/local/texlive/2015/texmf-dist/fonts/type1/public/amsfonts/cm/cmss9.pfb></usr/
local/texlive/2015/texmf-dist/fonts/type1/public/amsfonts/cm/cmssbx10.pfb></usr
/local/texlive/2015/texmf-dist/fonts/type1/public/amsfonts/cm/cmsy6.pfb></usr/l
ocal/texlive/2015/texmf-dist/fonts/type1/public/amsfonts/cm/cmsy8.pfb></usr/loc
al/texlive/2015/texmf-dist/fonts/type1/public/amsfonts/cm/cmti9.pfb></usr/local
/texlive/2015/texmf-dist/fonts/type1/public/amsfonts/cm/cmtt9.pfb>
Output written on report.pdf (3 pages, 1028612 bytes).
PDF statistics:
 116 PDF objects out of 1000 (max. 8388607)
 58 compressed objects within 1 object stream
 16 named destinations out of 1000 (max. 500000)
 211 words of extra memory for PDF output out of 10000 (max. 10000000)

